2022-07-01 16:45:01.015  WARN 15816 --- [HikariPool-1 housekeeper] com.zaxxer.hikari.pool.HikariPool        : HikariPool-1 - Thread starvation or clock leap detected (housekeeper delta=22h5m22s819ms774µs400ns).
2022-07-01 16:45:44.742  INFO 15816 --- [http-nio-8080-exec-4] c.e.c.controllers.UserController         : mara
2022-07-01 16:46:06.866  INFO 15816 --- [http-nio-8080-exec-3] c.e.c.controllers.UserController         : mara
2022-07-01 16:46:25.261  INFO 15816 --- [http-nio-8080-exec-1] c.e.c.controllers.UserController         : mara
2022-07-01 16:47:40.943  INFO 15816 --- [http-nio-8080-exec-5] c.e.c.controllers.UserController         : mara
2022-07-01 16:49:05.285  INFO 15816 --- [http-nio-8080-exec-2] c.e.c.controllers.UserController         : mara
2022-07-01 16:49:45.481  INFO 15816 --- [http-nio-8080-exec-2] c.e.c.controllers.UserController         : mara
2022-07-01 16:50:51.903  INFO 15816 --- [http-nio-8080-exec-1] c.e.c.controllers.UserController         : mara
2022-07-01 16:51:48.723  INFO 15816 --- [http-nio-8080-exec-1] c.e.c.controllers.UserController         : mara
2022-07-01 16:52:23.446  INFO 15816 --- [http-nio-8080-exec-8] c.e.c.controllers.UserController         : mara
2022-07-01 16:52:48.461  INFO 15816 --- [http-nio-8080-exec-1] c.e.c.controllers.UserController         : mara
2022-07-01 16:53:07.077  INFO 15816 --- [http-nio-8080-exec-7] c.e.c.controllers.UserController         : mara
2022-07-01 16:53:15.330  INFO 15816 --- [http-nio-8080-exec-7] c.e.c.controllers.UserController         : mara
2022-07-01 16:53:55.120  INFO 15816 --- [http-nio-8080-exec-8] c.e.c.controllers.UserController         : mara
2022-07-01 16:57:01.938  INFO 15816 --- [http-nio-8080-exec-5] c.e.c.controllers.UserController         : mara
2022-07-01 16:57:29.883  INFO 15816 --- [http-nio-8080-exec-5] c.e.c.controllers.UserController         : mara
2022-07-01 16:57:39.046  INFO 15816 --- [http-nio-8080-exec-5] c.e.c.controllers.UserController         : mara
2022-07-01 16:59:44.172  INFO 15816 --- [http-nio-8080-exec-2] c.e.c.controllers.UserController         : maramara123
2022-07-01 16:59:44.281  INFO 15816 --- [http-nio-8080-exec-2] c.e.c.controllers.UserController         : Postoji username
2022-07-01 16:59:44.281  INFO 15816 --- [http-nio-8080-exec-2] c.e.c.controllers.UserController         : Postoji password
2022-07-01 16:59:44.362  INFO 15816 --- [http-nio-8080-exec-10] c.e.c.controllers.UserController         : mara
2022-07-01 17:34:31.921  INFO 15816 --- [SpringApplicationShutdownHook] j.LocalContainerEntityManagerFactoryBean : Closing JPA EntityManagerFactory for persistence unit 'default'
2022-07-01 17:34:31.931  INFO 15816 --- [SpringApplicationShutdownHook] com.zaxxer.hikari.HikariDataSource       : HikariPool-1 - Shutdown initiated...
2022-07-01 17:34:31.974  INFO 15816 --- [SpringApplicationShutdownHook] com.zaxxer.hikari.HikariDataSource       : HikariPool-1 - Shutdown completed.
2022-07-01 17:34:38.913  INFO 25056 --- [main] c.e.c.ClinicOnlineBackendApplication     : Starting ClinicOnlineBackendApplication using Java 11.0.13 on DESKTOP-N20301U with PID 25056 (C:\Users\Ana\Desktop\MasterRad\aplikacija\myApp\backend\target\classes started by Ana in C:\Users\Ana\Desktop\MasterRad\aplikacija\myApp\backend)
2022-07-01 17:34:38.918  INFO 25056 --- [main] c.e.c.ClinicOnlineBackendApplication     : No active profile set, falling back to 1 default profile: "default"
2022-07-01 17:34:40.071  INFO 25056 --- [main] .s.d.r.c.RepositoryConfigurationDelegate : Bootstrapping Spring Data JPA repositories in DEFAULT mode.
2022-07-01 17:34:40.151  INFO 25056 --- [main] .s.d.r.c.RepositoryConfigurationDelegate : Finished Spring Data repository scanning in 69 ms. Found 6 JPA repository interfaces.
2022-07-01 17:34:40.809  INFO 25056 --- [main] o.s.b.w.embedded.tomcat.TomcatWebServer  : Tomcat initialized with port(s): 8080 (http)
2022-07-01 17:34:40.818  INFO 25056 --- [main] o.apache.catalina.core.StandardService   : Starting service [Tomcat]
2022-07-01 17:34:40.818  INFO 25056 --- [main] org.apache.catalina.core.StandardEngine  : Starting Servlet engine: [Apache Tomcat/9.0.63]
2022-07-01 17:34:40.954  INFO 25056 --- [main] o.a.c.c.C.[.[localhost].[/clinicapi]     : Initializing Spring embedded WebApplicationContext
2022-07-01 17:34:40.955  INFO 25056 --- [main] w.s.c.ServletWebServerApplicationContext : Root WebApplicationContext: initialization completed in 1965 ms
2022-07-01 17:34:41.180  INFO 25056 --- [main] com.zaxxer.hikari.HikariDataSource       : HikariPool-1 - Starting...
2022-07-01 17:34:41.532  INFO 25056 --- [main] com.zaxxer.hikari.HikariDataSource       : HikariPool-1 - Start completed.
2022-07-01 17:34:41.590  INFO 25056 --- [main] o.hibernate.jpa.internal.util.LogHelper  : HHH000204: Processing PersistenceUnitInfo [name: default]
2022-07-01 17:34:41.652  INFO 25056 --- [main] org.hibernate.Version                    : HHH000412: Hibernate ORM core version 5.6.9.Final
2022-07-01 17:34:41.836  INFO 25056 --- [main] o.hibernate.annotations.common.Version   : HCANN000001: Hibernate Commons Annotations {5.1.2.Final}
2022-07-01 17:34:41.974  INFO 25056 --- [main] org.hibernate.dialect.Dialect            : HHH000400: Using dialect: org.hibernate.dialect.MySQL8Dialect
2022-07-01 17:34:42.616  INFO 25056 --- [main] o.h.e.t.j.p.i.JtaPlatformInitiator       : HHH000490: Using JtaPlatform implementation: [org.hibernate.engine.transaction.jta.platform.internal.NoJtaPlatform]
2022-07-01 17:34:42.626  INFO 25056 --- [main] j.LocalContainerEntityManagerFactoryBean : Initialized JPA EntityManagerFactory for persistence unit 'default'
2022-07-01 17:34:43.109  WARN 25056 --- [main] ConfigServletWebServerApplicationContext : Exception encountered during context initialization - cancelling refresh attempt: org.springframework.beans.factory.UnsatisfiedDependencyException: Error creating bean with name 'patientController': Unsatisfied dependency expressed through field 'repository'; nested exception is org.springframework.beans.factory.BeanCreationException: Error creating bean with name 'patientRepository' defined in com.example.cliniconlinebackend.repositories.PatientRepository defined in @EnableJpaRepositories declared on JpaRepositoriesRegistrar.EnableJpaRepositoriesConfiguration: Invocation of init method failed; nested exception is org.springframework.data.repository.query.QueryCreationException: Could not create query for public abstract int com.example.cliniconlinebackend.repositories.PatientRepository.updateUser()! Reason: Validation failed for query for method public abstract int com.example.cliniconlinebackend.repositories.PatientRepository.updateUser()!; nested exception is java.lang.IllegalArgumentException: Validation failed for query for method public abstract int com.example.cliniconlinebackend.repositories.PatientRepository.updateUser()!
2022-07-01 17:34:43.110  INFO 25056 --- [main] j.LocalContainerEntityManagerFactoryBean : Closing JPA EntityManagerFactory for persistence unit 'default'
2022-07-01 17:34:43.112  INFO 25056 --- [main] com.zaxxer.hikari.HikariDataSource       : HikariPool-1 - Shutdown initiated...
2022-07-01 17:34:43.130  INFO 25056 --- [main] com.zaxxer.hikari.HikariDataSource       : HikariPool-1 - Shutdown completed.
2022-07-01 17:34:43.132  INFO 25056 --- [main] o.apache.catalina.core.StandardService   : Stopping service [Tomcat]
2022-07-01 17:34:43.142  INFO 25056 --- [main] ConditionEvaluationReportLoggingListener : 

Error starting ApplicationContext. To display the conditions report re-run your application with 'debug' enabled.
2022-07-01 17:34:43.191 ERROR 25056 --- [main] o.s.boot.SpringApplication               : Application run failed

org.springframework.beans.factory.UnsatisfiedDependencyException: Error creating bean with name 'patientController': Unsatisfied dependency expressed through field 'repository'; nested exception is org.springframework.beans.factory.BeanCreationException: Error creating bean with name 'patientRepository' defined in com.example.cliniconlinebackend.repositories.PatientRepository defined in @EnableJpaRepositories declared on JpaRepositoriesRegistrar.EnableJpaRepositoriesConfiguration: Invocation of init method failed; nested exception is org.springframework.data.repository.query.QueryCreationException: Could not create query for public abstract int com.example.cliniconlinebackend.repositories.PatientRepository.updateUser()! Reason: Validation failed for query for method public abstract int com.example.cliniconlinebackend.repositories.PatientRepository.updateUser()!; nested exception is java.lang.IllegalArgumentException: Validation failed for query for method public abstract int com.example.cliniconlinebackend.repositories.PatientRepository.updateUser()!
	at org.springframework.beans.factory.annotation.AutowiredAnnotationBeanPostProcessor$AutowiredFieldElement.resolveFieldValue(AutowiredAnnotationBeanPostProcessor.java:659) ~[spring-beans-5.3.20.jar:5.3.20]
	at org.springframework.beans.factory.annotation.AutowiredAnnotationBeanPostProcessor$AutowiredFieldElement.inject(AutowiredAnnotationBeanPostProcessor.java:639) ~[spring-beans-5.3.20.jar:5.3.20]
	at org.springframework.beans.factory.annotation.InjectionMetadata.inject(InjectionMetadata.java:119) ~[spring-beans-5.3.20.jar:5.3.20]
	at org.springframework.beans.factory.annotation.AutowiredAnnotationBeanPostProcessor.postProcessProperties(AutowiredAnnotationBeanPostProcessor.java:399) ~[spring-beans-5.3.20.jar:5.3.20]
	at org.springframework.beans.factory.support.AbstractAutowireCapableBeanFactory.populateBean(AbstractAutowireCapableBeanFactory.java:1431) ~[spring-beans-5.3.20.jar:5.3.20]
	at org.springframework.beans.factory.support.AbstractAutowireCapableBeanFactory.doCreateBean(AbstractAutowireCapableBeanFactory.java:619) ~[spring-beans-5.3.20.jar:5.3.20]
	at org.springframework.beans.factory.support.AbstractAutowireCapableBeanFactory.createBean(AbstractAutowireCapableBeanFactory.java:542) ~[spring-beans-5.3.20.jar:5.3.20]
	at org.springframework.beans.factory.support.AbstractBeanFactory.lambda$doGetBean$0(AbstractBeanFactory.java:335) ~[spring-beans-5.3.20.jar:5.3.20]
	at org.springframework.beans.factory.support.DefaultSingletonBeanRegistry.getSingleton(DefaultSingletonBeanRegistry.java:234) ~[spring-beans-5.3.20.jar:5.3.20]
	at org.springframework.beans.factory.support.AbstractBeanFactory.doGetBean(AbstractBeanFactory.java:333) ~[spring-beans-5.3.20.jar:5.3.20]
	at org.springframework.beans.factory.support.AbstractBeanFactory.getBean(AbstractBeanFactory.java:208) ~[spring-beans-5.3.20.jar:5.3.20]
	at org.springframework.beans.factory.support.DefaultListableBeanFactory.preInstantiateSingletons(DefaultListableBeanFactory.java:953) ~[spring-beans-5.3.20.jar:5.3.20]
	at org.springframework.context.support.AbstractApplicationContext.finishBeanFactoryInitialization(AbstractApplicationContext.java:918) ~[spring-context-5.3.20.jar:5.3.20]
	at org.springframework.context.support.AbstractApplicationContext.refresh(AbstractApplicationContext.java:583) ~[spring-context-5.3.20.jar:5.3.20]
	at org.springframework.boot.web.servlet.context.ServletWebServerApplicationContext.refresh(ServletWebServerApplicationContext.java:147) ~[spring-boot-2.7.0.jar:2.7.0]
	at org.springframework.boot.SpringApplication.refresh(SpringApplication.java:734) ~[spring-boot-2.7.0.jar:2.7.0]
	at org.springframework.boot.SpringApplication.refreshContext(SpringApplication.java:408) ~[spring-boot-2.7.0.jar:2.7.0]
	at org.springframework.boot.SpringApplication.run(SpringApplication.java:308) ~[spring-boot-2.7.0.jar:2.7.0]
	at org.springframework.boot.SpringApplication.run(SpringApplication.java:1306) ~[spring-boot-2.7.0.jar:2.7.0]
	at org.springframework.boot.SpringApplication.run(SpringApplication.java:1295) ~[spring-boot-2.7.0.jar:2.7.0]
	at com.example.cliniconlinebackend.ClinicOnlineBackendApplication.main(ClinicOnlineBackendApplication.java:10) ~[classes/:na]
Caused by: org.springframework.beans.factory.BeanCreationException: Error creating bean with name 'patientRepository' defined in com.example.cliniconlinebackend.repositories.PatientRepository defined in @EnableJpaRepositories declared on JpaRepositoriesRegistrar.EnableJpaRepositoriesConfiguration: Invocation of init method failed; nested exception is org.springframework.data.repository.query.QueryCreationException: Could not create query for public abstract int com.example.cliniconlinebackend.repositories.PatientRepository.updateUser()! Reason: Validation failed for query for method public abstract int com.example.cliniconlinebackend.repositories.PatientRepository.updateUser()!; nested exception is java.lang.IllegalArgumentException: Validation failed for query for method public abstract int com.example.cliniconlinebackend.repositories.PatientRepository.updateUser()!
	at org.springframework.beans.factory.support.AbstractAutowireCapableBeanFactory.initializeBean(AbstractAutowireCapableBeanFactory.java:1804) ~[spring-beans-5.3.20.jar:5.3.20]
	at org.springframework.beans.factory.support.AbstractAutowireCapableBeanFactory.doCreateBean(AbstractAutowireCapableBeanFactory.java:620) ~[spring-beans-5.3.20.jar:5.3.20]
	at org.springframework.beans.factory.support.AbstractAutowireCapableBeanFactory.createBean(AbstractAutowireCapableBeanFactory.java:542) ~[spring-beans-5.3.20.jar:5.3.20]
	at org.springframework.beans.factory.support.AbstractBeanFactory.lambda$doGetBean$0(AbstractBeanFactory.java:335) ~[spring-beans-5.3.20.jar:5.3.20]
	at org.springframework.beans.factory.support.DefaultSingletonBeanRegistry.getSingleton(DefaultSingletonBeanRegistry.java:234) ~[spring-beans-5.3.20.jar:5.3.20]
	at org.springframework.beans.factory.support.AbstractBeanFactory.doGetBean(AbstractBeanFactory.java:333) ~[spring-beans-5.3.20.jar:5.3.20]
	at org.springframework.beans.factory.support.AbstractBeanFactory.getBean(AbstractBeanFactory.java:208) ~[spring-beans-5.3.20.jar:5.3.20]
	at org.springframework.beans.factory.config.DependencyDescriptor.resolveCandidate(DependencyDescriptor.java:276) ~[spring-beans-5.3.20.jar:5.3.20]
	at org.springframework.beans.factory.support.DefaultListableBeanFactory.doResolveDependency(DefaultListableBeanFactory.java:1389) ~[spring-beans-5.3.20.jar:5.3.20]
	at org.springframework.beans.factory.support.DefaultListableBeanFactory.resolveDependency(DefaultListableBeanFactory.java:1309) ~[spring-beans-5.3.20.jar:5.3.20]
	at org.springframework.beans.factory.annotation.AutowiredAnnotationBeanPostProcessor$AutowiredFieldElement.resolveFieldValue(AutowiredAnnotationBeanPostProcessor.java:656) ~[spring-beans-5.3.20.jar:5.3.20]
	... 20 common frames omitted
Caused by: org.springframework.data.repository.query.QueryCreationException: Could not create query for public abstract int com.example.cliniconlinebackend.repositories.PatientRepository.updateUser()! Reason: Validation failed for query for method public abstract int com.example.cliniconlinebackend.repositories.PatientRepository.updateUser()!; nested exception is java.lang.IllegalArgumentException: Validation failed for query for method public abstract int com.example.cliniconlinebackend.repositories.PatientRepository.updateUser()!
	at org.springframework.data.repository.query.QueryCreationException.create(QueryCreationException.java:101) ~[spring-data-commons-2.7.0.jar:2.7.0]
	at org.springframework.data.repository.core.support.QueryExecutorMethodInterceptor.lookupQuery(QueryExecutorMethodInterceptor.java:106) ~[spring-data-commons-2.7.0.jar:2.7.0]
	at org.springframework.data.repository.core.support.QueryExecutorMethodInterceptor.lambda$mapMethodsToQuery$1(QueryExecutorMethodInterceptor.java:94) ~[spring-data-commons-2.7.0.jar:2.7.0]
	at java.base/java.util.stream.ReferencePipeline$3$1.accept(ReferencePipeline.java:195) ~[na:na]
	at java.base/java.util.Iterator.forEachRemaining(Iterator.java:133) ~[na:na]
	at java.base/java.util.Collections$UnmodifiableCollection$1.forEachRemaining(Collections.java:1054) ~[na:na]
	at java.base/java.util.Spliterators$IteratorSpliterator.forEachRemaining(Spliterators.java:1801) ~[na:na]
	at java.base/java.util.stream.AbstractPipeline.copyInto(AbstractPipeline.java:484) ~[na:na]
	at java.base/java.util.stream.AbstractPipeline.wrapAndCopyInto(AbstractPipeline.java:474) ~[na:na]
	at java.base/java.util.stream.ReduceOps$ReduceOp.evaluateSequential(ReduceOps.java:913) ~[na:na]
	at java.base/java.util.stream.AbstractPipeline.evaluate(AbstractPipeline.java:234) ~[na:na]
	at java.base/java.util.stream.ReferencePipeline.collect(ReferencePipeline.java:578) ~[na:na]
	at org.springframework.data.repository.core.support.QueryExecutorMethodInterceptor.mapMethodsToQuery(QueryExecutorMethodInterceptor.java:96) ~[spring-data-commons-2.7.0.jar:2.7.0]
	at org.springframework.data.repository.core.support.QueryExecutorMethodInterceptor.lambda$new$0(QueryExecutorMethodInterceptor.java:86) ~[spring-data-commons-2.7.0.jar:2.7.0]
	at java.base/java.util.Optional.map(Optional.java:265) ~[na:na]
	at org.springframework.data.repository.core.support.QueryExecutorMethodInterceptor.<init>(QueryExecutorMethodInterceptor.java:86) ~[spring-data-commons-2.7.0.jar:2.7.0]
	at org.springframework.data.repository.core.support.RepositoryFactorySupport.getRepository(RepositoryFactorySupport.java:364) ~[spring-data-commons-2.7.0.jar:2.7.0]
	at org.springframework.data.repository.core.support.RepositoryFactoryBeanSupport.lambda$afterPropertiesSet$5(RepositoryFactoryBeanSupport.java:322) ~[spring-data-commons-2.7.0.jar:2.7.0]
	at org.springframework.data.util.Lazy.getNullable(Lazy.java:230) ~[spring-data-commons-2.7.0.jar:2.7.0]
	at org.springframework.data.util.Lazy.get(Lazy.java:114) ~[spring-data-commons-2.7.0.jar:2.7.0]
	at org.springframework.data.repository.core.support.RepositoryFactoryBeanSupport.afterPropertiesSet(RepositoryFactoryBeanSupport.java:328) ~[spring-data-commons-2.7.0.jar:2.7.0]
	at org.springframework.data.jpa.repository.support.JpaRepositoryFactoryBean.afterPropertiesSet(JpaRepositoryFactoryBean.java:144) ~[spring-data-jpa-2.7.0.jar:2.7.0]
	at org.springframework.beans.factory.support.AbstractAutowireCapableBeanFactory.invokeInitMethods(AbstractAutowireCapableBeanFactory.java:1863) ~[spring-beans-5.3.20.jar:5.3.20]
	at org.springframework.beans.factory.support.AbstractAutowireCapableBeanFactory.initializeBean(AbstractAutowireCapableBeanFactory.java:1800) ~[spring-beans-5.3.20.jar:5.3.20]
	... 30 common frames omitted
Caused by: java.lang.IllegalArgumentException: Validation failed for query for method public abstract int com.example.cliniconlinebackend.repositories.PatientRepository.updateUser()!
	at org.springframework.data.jpa.repository.query.SimpleJpaQuery.validateQuery(SimpleJpaQuery.java:96) ~[spring-data-jpa-2.7.0.jar:2.7.0]
	at org.springframework.data.jpa.repository.query.SimpleJpaQuery.<init>(SimpleJpaQuery.java:66) ~[spring-data-jpa-2.7.0.jar:2.7.0]
	at org.springframework.data.jpa.repository.query.JpaQueryFactory.fromMethodWithQueryString(JpaQueryFactory.java:51) ~[spring-data-jpa-2.7.0.jar:2.7.0]
	at org.springframework.data.jpa.repository.query.JpaQueryLookupStrategy$DeclaredQueryLookupStrategy.resolveQuery(JpaQueryLookupStrategy.java:163) ~[spring-data-jpa-2.7.0.jar:2.7.0]
	at org.springframework.data.jpa.repository.query.JpaQueryLookupStrategy$CreateIfNotFoundQueryLookupStrategy.resolveQuery(JpaQueryLookupStrategy.java:252) ~[spring-data-jpa-2.7.0.jar:2.7.0]
	at org.springframework.data.jpa.repository.query.JpaQueryLookupStrategy$AbstractQueryLookupStrategy.resolveQuery(JpaQueryLookupStrategy.java:87) ~[spring-data-jpa-2.7.0.jar:2.7.0]
	at org.springframework.data.repository.core.support.QueryExecutorMethodInterceptor.lookupQuery(QueryExecutorMethodInterceptor.java:102) ~[spring-data-commons-2.7.0.jar:2.7.0]
	... 52 common frames omitted
Caused by: java.lang.IllegalArgumentException: org.hibernate.hql.internal.ast.QuerySyntaxException: patient is not mapped [update patient set age = ?1, gender = ?2, phone_number = ?3, password = ?4,  firstname = ?5,  lastname = ?6,  email = ?7 where id_patient = ?8  ]
	at org.hibernate.internal.ExceptionConverterImpl.convert(ExceptionConverterImpl.java:138) ~[hibernate-core-5.6.9.Final.jar:5.6.9.Final]
	at org.hibernate.internal.ExceptionConverterImpl.convert(ExceptionConverterImpl.java:181) ~[hibernate-core-5.6.9.Final.jar:5.6.9.Final]
	at org.hibernate.internal.ExceptionConverterImpl.convert(ExceptionConverterImpl.java:188) ~[hibernate-core-5.6.9.Final.jar:5.6.9.Final]
	at org.hibernate.internal.AbstractSharedSessionContract.createQuery(AbstractSharedSessionContract.java:757) ~[hibernate-core-5.6.9.Final.jar:5.6.9.Final]
	at org.hibernate.internal.AbstractSharedSessionContract.createQuery(AbstractSharedSessionContract.java:114) ~[hibernate-core-5.6.9.Final.jar:5.6.9.Final]
	at java.base/jdk.internal.reflect.NativeMethodAccessorImpl.invoke0(Native Method) ~[na:na]
	at java.base/jdk.internal.reflect.NativeMethodAccessorImpl.invoke(NativeMethodAccessorImpl.java:62) ~[na:na]
	at java.base/jdk.internal.reflect.DelegatingMethodAccessorImpl.invoke(DelegatingMethodAccessorImpl.java:43) ~[na:na]
	at java.base/java.lang.reflect.Method.invoke(Method.java:566) ~[na:na]
	at org.springframework.orm.jpa.ExtendedEntityManagerCreator$ExtendedEntityManagerInvocationHandler.invoke(ExtendedEntityManagerCreator.java:362) ~[spring-orm-5.3.20.jar:5.3.20]
	at com.sun.proxy.$Proxy99.createQuery(Unknown Source) ~[na:na]
	at org.springframework.data.jpa.repository.query.SimpleJpaQuery.validateQuery(SimpleJpaQuery.java:90) ~[spring-data-jpa-2.7.0.jar:2.7.0]
	... 58 common frames omitted
Caused by: org.hibernate.hql.internal.ast.QuerySyntaxException: patient is not mapped [update patient set age = ?1, gender = ?2, phone_number = ?3, password = ?4,  firstname = ?5,  lastname = ?6,  email = ?7 where id_patient = ?8  ]
	at org.hibernate.hql.internal.ast.QuerySyntaxException.generateQueryException(QuerySyntaxException.java:79) ~[hibernate-core-5.6.9.Final.jar:5.6.9.Final]
	at org.hibernate.QueryException.wrapWithQueryString(QueryException.java:103) ~[hibernate-core-5.6.9.Final.jar:5.6.9.Final]
	at org.hibernate.hql.internal.ast.QueryTranslatorImpl.doCompile(QueryTranslatorImpl.java:220) ~[hibernate-core-5.6.9.Final.jar:5.6.9.Final]
	at org.hibernate.hql.internal.ast.QueryTranslatorImpl.compile(QueryTranslatorImpl.java:144) ~[hibernate-core-5.6.9.Final.jar:5.6.9.Final]
	at org.hibernate.engine.query.spi.HQLQueryPlan.<init>(HQLQueryPlan.java:113) ~[hibernate-core-5.6.9.Final.jar:5.6.9.Final]
	at org.hibernate.engine.query.spi.HQLQueryPlan.<init>(HQLQueryPlan.java:73) ~[hibernate-core-5.6.9.Final.jar:5.6.9.Final]
	at org.hibernate.engine.query.spi.QueryPlanCache.getHQLQueryPlan(QueryPlanCache.java:162) ~[hibernate-core-5.6.9.Final.jar:5.6.9.Final]
	at org.hibernate.internal.AbstractSharedSessionContract.getQueryPlan(AbstractSharedSessionContract.java:636) ~[hibernate-core-5.6.9.Final.jar:5.6.9.Final]
	at org.hibernate.internal.AbstractSharedSessionContract.createQuery(AbstractSharedSessionContract.java:748) ~[hibernate-core-5.6.9.Final.jar:5.6.9.Final]
	... 66 common frames omitted
Caused by: org.hibernate.hql.internal.ast.QuerySyntaxException: patient is not mapped
	at org.hibernate.hql.internal.ast.util.SessionFactoryHelper.requireClassPersister(SessionFactoryHelper.java:170) ~[hibernate-core-5.6.9.Final.jar:5.6.9.Final]
	at org.hibernate.hql.internal.ast.tree.FromElementFactory.addFromElement(FromElementFactory.java:91) ~[hibernate-core-5.6.9.Final.jar:5.6.9.Final]
	at org.hibernate.hql.internal.ast.tree.FromClause.addFromElement(FromClause.java:77) ~[hibernate-core-5.6.9.Final.jar:5.6.9.Final]
	at org.hibernate.hql.internal.ast.HqlSqlWalker.createFromElement(HqlSqlWalker.java:334) ~[hibernate-core-5.6.9.Final.jar:5.6.9.Final]
	at org.hibernate.hql.internal.antlr.HqlSqlBaseWalker.fromElement(HqlSqlBaseWalker.java:3782) ~[hibernate-core-5.6.9.Final.jar:5.6.9.Final]
	at org.hibernate.hql.internal.antlr.HqlSqlBaseWalker.fromElementList(HqlSqlBaseWalker.java:3671) ~[hibernate-core-5.6.9.Final.jar:5.6.9.Final]
	at org.hibernate.hql.internal.antlr.HqlSqlBaseWalker.fromClause(HqlSqlBaseWalker.java:746) ~[hibernate-core-5.6.9.Final.jar:5.6.9.Final]
	at org.hibernate.hql.internal.antlr.HqlSqlBaseWalker.updateStatement(HqlSqlBaseWalker.java:403) ~[hibernate-core-5.6.9.Final.jar:5.6.9.Final]
	at org.hibernate.hql.internal.antlr.HqlSqlBaseWalker.statement(HqlSqlBaseWalker.java:295) ~[hibernate-core-5.6.9.Final.jar:5.6.9.Final]
	at org.hibernate.hql.internal.ast.QueryTranslatorImpl.analyze(QueryTranslatorImpl.java:276) ~[hibernate-core-5.6.9.Final.jar:5.6.9.Final]
	at org.hibernate.hql.internal.ast.QueryTranslatorImpl.doCompile(QueryTranslatorImpl.java:192) ~[hibernate-core-5.6.9.Final.jar:5.6.9.Final]
	... 72 common frames omitted

2022-07-01 17:36:53.597  INFO 15564 --- [main] c.e.c.ClinicOnlineBackendApplication     : Starting ClinicOnlineBackendApplication using Java 11.0.13 on DESKTOP-N20301U with PID 15564 (C:\Users\Ana\Desktop\MasterRad\aplikacija\myApp\backend\target\classes started by Ana in C:\Users\Ana\Desktop\MasterRad\aplikacija\myApp\backend)
2022-07-01 17:36:53.601  INFO 15564 --- [main] c.e.c.ClinicOnlineBackendApplication     : No active profile set, falling back to 1 default profile: "default"
2022-07-01 17:36:54.386  INFO 15564 --- [main] .s.d.r.c.RepositoryConfigurationDelegate : Bootstrapping Spring Data JPA repositories in DEFAULT mode.
2022-07-01 17:36:54.463  INFO 15564 --- [main] .s.d.r.c.RepositoryConfigurationDelegate : Finished Spring Data repository scanning in 67 ms. Found 6 JPA repository interfaces.
2022-07-01 17:36:55.021  INFO 15564 --- [main] o.s.b.w.embedded.tomcat.TomcatWebServer  : Tomcat initialized with port(s): 8080 (http)
2022-07-01 17:36:55.029  INFO 15564 --- [main] o.apache.catalina.core.StandardService   : Starting service [Tomcat]
2022-07-01 17:36:55.030  INFO 15564 --- [main] org.apache.catalina.core.StandardEngine  : Starting Servlet engine: [Apache Tomcat/9.0.63]
2022-07-01 17:36:55.168  INFO 15564 --- [main] o.a.c.c.C.[.[localhost].[/clinicapi]     : Initializing Spring embedded WebApplicationContext
2022-07-01 17:36:55.168  INFO 15564 --- [main] w.s.c.ServletWebServerApplicationContext : Root WebApplicationContext: initialization completed in 1501 ms
2022-07-01 17:36:55.400  INFO 15564 --- [main] com.zaxxer.hikari.HikariDataSource       : HikariPool-1 - Starting...
2022-07-01 17:36:55.712  INFO 15564 --- [main] com.zaxxer.hikari.HikariDataSource       : HikariPool-1 - Start completed.
2022-07-01 17:36:55.764  INFO 15564 --- [main] o.hibernate.jpa.internal.util.LogHelper  : HHH000204: Processing PersistenceUnitInfo [name: default]
2022-07-01 17:36:55.806  INFO 15564 --- [main] org.hibernate.Version                    : HHH000412: Hibernate ORM core version 5.6.9.Final
2022-07-01 17:36:55.960  INFO 15564 --- [main] o.hibernate.annotations.common.Version   : HCANN000001: Hibernate Commons Annotations {5.1.2.Final}
2022-07-01 17:36:56.067  INFO 15564 --- [main] org.hibernate.dialect.Dialect            : HHH000400: Using dialect: org.hibernate.dialect.MySQL8Dialect
2022-07-01 17:36:56.553  INFO 15564 --- [main] o.h.e.t.j.p.i.JtaPlatformInitiator       : HHH000490: Using JtaPlatform implementation: [org.hibernate.engine.transaction.jta.platform.internal.NoJtaPlatform]
2022-07-01 17:36:56.562  INFO 15564 --- [main] j.LocalContainerEntityManagerFactoryBean : Initialized JPA EntityManagerFactory for persistence unit 'default'
2022-07-01 17:36:57.132  WARN 15564 --- [main] JpaBaseConfiguration$JpaWebConfiguration : spring.jpa.open-in-view is enabled by default. Therefore, database queries may be performed during view rendering. Explicitly configure spring.jpa.open-in-view to disable this warning
2022-07-01 17:36:57.944  INFO 15564 --- [main] o.s.b.w.embedded.tomcat.TomcatWebServer  : Tomcat started on port(s): 8080 (http) with context path '/clinicapi'
2022-07-01 17:36:57.956  INFO 15564 --- [main] c.e.c.ClinicOnlineBackendApplication     : Started ClinicOnlineBackendApplication in 5.049 seconds (JVM running for 6.475)
2022-07-01 17:44:26.475  INFO 15564 --- [SpringApplicationShutdownHook] j.LocalContainerEntityManagerFactoryBean : Closing JPA EntityManagerFactory for persistence unit 'default'
2022-07-01 17:44:26.478  INFO 15564 --- [SpringApplicationShutdownHook] com.zaxxer.hikari.HikariDataSource       : HikariPool-1 - Shutdown initiated...
2022-07-01 17:44:26.499  INFO 15564 --- [SpringApplicationShutdownHook] com.zaxxer.hikari.HikariDataSource       : HikariPool-1 - Shutdown completed.
2022-07-01 17:44:33.269  INFO 15316 --- [main] c.e.c.ClinicOnlineBackendApplication     : Starting ClinicOnlineBackendApplication using Java 11.0.13 on DESKTOP-N20301U with PID 15316 (C:\Users\Ana\Desktop\MasterRad\aplikacija\myApp\backend\target\classes started by Ana in C:\Users\Ana\Desktop\MasterRad\aplikacija\myApp\backend)
2022-07-01 17:44:33.274  INFO 15316 --- [main] c.e.c.ClinicOnlineBackendApplication     : No active profile set, falling back to 1 default profile: "default"
2022-07-01 17:44:34.256  INFO 15316 --- [main] .s.d.r.c.RepositoryConfigurationDelegate : Bootstrapping Spring Data JPA repositories in DEFAULT mode.
2022-07-01 17:44:34.387  INFO 15316 --- [main] .s.d.r.c.RepositoryConfigurationDelegate : Finished Spring Data repository scanning in 113 ms. Found 6 JPA repository interfaces.
2022-07-01 17:44:34.969  INFO 15316 --- [main] o.s.b.w.embedded.tomcat.TomcatWebServer  : Tomcat initialized with port(s): 8080 (http)
2022-07-01 17:44:34.978  INFO 15316 --- [main] o.apache.catalina.core.StandardService   : Starting service [Tomcat]
2022-07-01 17:44:34.978  INFO 15316 --- [main] org.apache.catalina.core.StandardEngine  : Starting Servlet engine: [Apache Tomcat/9.0.63]
2022-07-01 17:44:35.114  INFO 15316 --- [main] o.a.c.c.C.[.[localhost].[/clinicapi]     : Initializing Spring embedded WebApplicationContext
2022-07-01 17:44:35.114  INFO 15316 --- [main] w.s.c.ServletWebServerApplicationContext : Root WebApplicationContext: initialization completed in 1774 ms
2022-07-01 17:44:35.331  INFO 15316 --- [main] com.zaxxer.hikari.HikariDataSource       : HikariPool-1 - Starting...
2022-07-01 17:44:35.601  INFO 15316 --- [main] com.zaxxer.hikari.HikariDataSource       : HikariPool-1 - Start completed.
2022-07-01 17:44:35.667  INFO 15316 --- [main] o.hibernate.jpa.internal.util.LogHelper  : HHH000204: Processing PersistenceUnitInfo [name: default]
2022-07-01 17:44:35.718  INFO 15316 --- [main] org.hibernate.Version                    : HHH000412: Hibernate ORM core version 5.6.9.Final
2022-07-01 17:44:35.892  INFO 15316 --- [main] o.hibernate.annotations.common.Version   : HCANN000001: Hibernate Commons Annotations {5.1.2.Final}
2022-07-01 17:44:36.007  INFO 15316 --- [main] org.hibernate.dialect.Dialect            : HHH000400: Using dialect: org.hibernate.dialect.MySQL8Dialect
2022-07-01 17:44:36.575  INFO 15316 --- [main] o.h.e.t.j.p.i.JtaPlatformInitiator       : HHH000490: Using JtaPlatform implementation: [org.hibernate.engine.transaction.jta.platform.internal.NoJtaPlatform]
2022-07-01 17:44:36.586  INFO 15316 --- [main] j.LocalContainerEntityManagerFactoryBean : Initialized JPA EntityManagerFactory for persistence unit 'default'
2022-07-01 17:44:37.183  WARN 15316 --- [main] JpaBaseConfiguration$JpaWebConfiguration : spring.jpa.open-in-view is enabled by default. Therefore, database queries may be performed during view rendering. Explicitly configure spring.jpa.open-in-view to disable this warning
2022-07-01 17:44:38.021  INFO 15316 --- [main] o.s.b.w.embedded.tomcat.TomcatWebServer  : Tomcat started on port(s): 8080 (http) with context path '/clinicapi'
2022-07-01 17:44:38.045  INFO 15316 --- [main] c.e.c.ClinicOnlineBackendApplication     : Started ClinicOnlineBackendApplication in 5.386 seconds (JVM running for 6.848)
2022-07-01 17:45:37.568  INFO 15316 --- [http-nio-8080-exec-1] o.a.c.c.C.[.[localhost].[/clinicapi]     : Initializing Spring DispatcherServlet 'dispatcherServlet'
2022-07-01 17:45:37.569  INFO 15316 --- [http-nio-8080-exec-1] o.s.web.servlet.DispatcherServlet        : Initializing Servlet 'dispatcherServlet'
2022-07-01 17:45:37.571  INFO 15316 --- [http-nio-8080-exec-1] o.s.web.servlet.DispatcherServlet        : Completed initialization in 1 ms
2022-07-01 17:45:37.693 ERROR 15316 --- [http-nio-8080-exec-2] o.a.c.c.C.[.[.[.[dispatcherServlet]      : Servlet.service() for servlet [dispatcherServlet] in context with path [/clinicapi] threw exception [Request processing failed; nested exception is org.springframework.dao.InvalidDataAccessApiUsageException: Executing an update/delete query; nested exception is javax.persistence.TransactionRequiredException: Executing an update/delete query] with root cause

javax.persistence.TransactionRequiredException: Executing an update/delete query
	at org.hibernate.internal.AbstractSharedSessionContract.checkTransactionNeededForUpdateOperation(AbstractSharedSessionContract.java:445) ~[hibernate-core-5.6.9.Final.jar:5.6.9.Final]
	at org.hibernate.query.internal.AbstractProducedQuery.executeUpdate(AbstractProducedQuery.java:1692) ~[hibernate-core-5.6.9.Final.jar:5.6.9.Final]
	at org.springframework.data.jpa.repository.query.JpaQueryExecution$ModifyingExecution.doExecute(JpaQueryExecution.java:241) ~[spring-data-jpa-2.7.0.jar:2.7.0]
	at org.springframework.data.jpa.repository.query.JpaQueryExecution.execute(JpaQueryExecution.java:90) ~[spring-data-jpa-2.7.0.jar:2.7.0]
	at org.springframework.data.jpa.repository.query.AbstractJpaQuery.doExecute(AbstractJpaQuery.java:156) ~[spring-data-jpa-2.7.0.jar:2.7.0]
	at org.springframework.data.jpa.repository.query.AbstractJpaQuery.execute(AbstractJpaQuery.java:144) ~[spring-data-jpa-2.7.0.jar:2.7.0]
	at org.springframework.data.repository.core.support.RepositoryMethodInvoker.doInvoke(RepositoryMethodInvoker.java:137) ~[spring-data-commons-2.7.0.jar:2.7.0]
	at org.springframework.data.repository.core.support.RepositoryMethodInvoker.invoke(RepositoryMethodInvoker.java:121) ~[spring-data-commons-2.7.0.jar:2.7.0]
	at org.springframework.data.repository.core.support.QueryExecutorMethodInterceptor.doInvoke(QueryExecutorMethodInterceptor.java:159) ~[spring-data-commons-2.7.0.jar:2.7.0]
	at org.springframework.data.repository.core.support.QueryExecutorMethodInterceptor.invoke(QueryExecutorMethodInterceptor.java:138) ~[spring-data-commons-2.7.0.jar:2.7.0]
	at org.springframework.aop.framework.ReflectiveMethodInvocation.proceed(ReflectiveMethodInvocation.java:186) ~[spring-aop-5.3.20.jar:5.3.20]
	at org.springframework.data.projection.DefaultMethodInvokingMethodInterceptor.invoke(DefaultMethodInvokingMethodInterceptor.java:80) ~[spring-data-commons-2.7.0.jar:2.7.0]
	at org.springframework.aop.framework.ReflectiveMethodInvocation.proceed(ReflectiveMethodInvocation.java:186) ~[spring-aop-5.3.20.jar:5.3.20]
	at org.springframework.transaction.interceptor.TransactionInterceptor$1.proceedWithInvocation(TransactionInterceptor.java:123) ~[spring-tx-5.3.20.jar:5.3.20]
	at org.springframework.transaction.interceptor.TransactionAspectSupport.invokeWithinTransaction(TransactionAspectSupport.java:388) ~[spring-tx-5.3.20.jar:5.3.20]
	at org.springframework.transaction.interceptor.TransactionInterceptor.invoke(TransactionInterceptor.java:119) ~[spring-tx-5.3.20.jar:5.3.20]
	at org.springframework.aop.framework.ReflectiveMethodInvocation.proceed(ReflectiveMethodInvocation.java:186) ~[spring-aop-5.3.20.jar:5.3.20]
	at org.springframework.dao.support.PersistenceExceptionTranslationInterceptor.invoke(PersistenceExceptionTranslationInterceptor.java:137) ~[spring-tx-5.3.20.jar:5.3.20]
	at org.springframework.aop.framework.ReflectiveMethodInvocation.proceed(ReflectiveMethodInvocation.java:186) ~[spring-aop-5.3.20.jar:5.3.20]
	at org.springframework.data.jpa.repository.support.CrudMethodMetadataPostProcessor$CrudMethodMetadataPopulatingMethodInterceptor.invoke(CrudMethodMetadataPostProcessor.java:145) ~[spring-data-jpa-2.7.0.jar:2.7.0]
	at org.springframework.aop.framework.ReflectiveMethodInvocation.proceed(ReflectiveMethodInvocation.java:186) ~[spring-aop-5.3.20.jar:5.3.20]
	at org.springframework.aop.interceptor.ExposeInvocationInterceptor.invoke(ExposeInvocationInterceptor.java:97) ~[spring-aop-5.3.20.jar:5.3.20]
	at org.springframework.aop.framework.ReflectiveMethodInvocation.proceed(ReflectiveMethodInvocation.java:186) ~[spring-aop-5.3.20.jar:5.3.20]
	at org.springframework.aop.framework.JdkDynamicAopProxy.invoke(JdkDynamicAopProxy.java:215) ~[spring-aop-5.3.20.jar:5.3.20]
	at com.sun.proxy.$Proxy112.updateUser(Unknown Source) ~[na:na]
	at com.example.cliniconlinebackend.controllers.PatientController.updatePatient(PatientController.java:67) ~[classes/:na]
	at java.base/jdk.internal.reflect.NativeMethodAccessorImpl.invoke0(Native Method) ~[na:na]
	at java.base/jdk.internal.reflect.NativeMethodAccessorImpl.invoke(NativeMethodAccessorImpl.java:62) ~[na:na]
	at java.base/jdk.internal.reflect.DelegatingMethodAccessorImpl.invoke(DelegatingMethodAccessorImpl.java:43) ~[na:na]
	at java.base/java.lang.reflect.Method.invoke(Method.java:566) ~[na:na]
	at org.springframework.web.method.support.InvocableHandlerMethod.doInvoke(InvocableHandlerMethod.java:205) ~[spring-web-5.3.20.jar:5.3.20]
	at org.springframework.web.method.support.InvocableHandlerMethod.invokeForRequest(InvocableHandlerMethod.java:150) ~[spring-web-5.3.20.jar:5.3.20]
	at org.springframework.web.servlet.mvc.method.annotation.ServletInvocableHandlerMethod.invokeAndHandle(ServletInvocableHandlerMethod.java:117) ~[spring-webmvc-5.3.20.jar:5.3.20]
	at org.springframework.web.servlet.mvc.method.annotation.RequestMappingHandlerAdapter.invokeHandlerMethod(RequestMappingHandlerAdapter.java:895) ~[spring-webmvc-5.3.20.jar:5.3.20]
	at org.springframework.web.servlet.mvc.method.annotation.RequestMappingHandlerAdapter.handleInternal(RequestMappingHandlerAdapter.java:808) ~[spring-webmvc-5.3.20.jar:5.3.20]
	at org.springframework.web.servlet.mvc.method.AbstractHandlerMethodAdapter.handle(AbstractHandlerMethodAdapter.java:87) ~[spring-webmvc-5.3.20.jar:5.3.20]
	at org.springframework.web.servlet.DispatcherServlet.doDispatch(DispatcherServlet.java:1067) ~[spring-webmvc-5.3.20.jar:5.3.20]
	at org.springframework.web.servlet.DispatcherServlet.doService(DispatcherServlet.java:963) ~[spring-webmvc-5.3.20.jar:5.3.20]
	at org.springframework.web.servlet.FrameworkServlet.processRequest(FrameworkServlet.java:1006) ~[spring-webmvc-5.3.20.jar:5.3.20]
	at org.springframework.web.servlet.FrameworkServlet.doPost(FrameworkServlet.java:909) ~[spring-webmvc-5.3.20.jar:5.3.20]
	at javax.servlet.http.HttpServlet.service(HttpServlet.java:681) ~[tomcat-embed-core-9.0.63.jar:4.0.FR]
	at org.springframework.web.servlet.FrameworkServlet.service(FrameworkServlet.java:883) ~[spring-webmvc-5.3.20.jar:5.3.20]
	at javax.servlet.http.HttpServlet.service(HttpServlet.java:764) ~[tomcat-embed-core-9.0.63.jar:4.0.FR]
	at org.apache.catalina.core.ApplicationFilterChain.internalDoFilter(ApplicationFilterChain.java:227) ~[tomcat-embed-core-9.0.63.jar:9.0.63]
	at org.apache.catalina.core.ApplicationFilterChain.doFilter(ApplicationFilterChain.java:162) ~[tomcat-embed-core-9.0.63.jar:9.0.63]
	at org.apache.tomcat.websocket.server.WsFilter.doFilter(WsFilter.java:53) ~[tomcat-embed-websocket-9.0.63.jar:9.0.63]
	at org.apache.catalina.core.ApplicationFilterChain.internalDoFilter(ApplicationFilterChain.java:189) ~[tomcat-embed-core-9.0.63.jar:9.0.63]
	at org.apache.catalina.core.ApplicationFilterChain.doFilter(ApplicationFilterChain.java:162) ~[tomcat-embed-core-9.0.63.jar:9.0.63]
	at org.springframework.web.filter.RequestContextFilter.doFilterInternal(RequestContextFilter.java:100) ~[spring-web-5.3.20.jar:5.3.20]
	at org.springframework.web.filter.OncePerRequestFilter.doFilter(OncePerRequestFilter.java:117) ~[spring-web-5.3.20.jar:5.3.20]
	at org.apache.catalina.core.ApplicationFilterChain.internalDoFilter(ApplicationFilterChain.java:189) ~[tomcat-embed-core-9.0.63.jar:9.0.63]
	at org.apache.catalina.core.ApplicationFilterChain.doFilter(ApplicationFilterChain.java:162) ~[tomcat-embed-core-9.0.63.jar:9.0.63]
	at org.springframework.web.filter.FormContentFilter.doFilterInternal(FormContentFilter.java:93) ~[spring-web-5.3.20.jar:5.3.20]
	at org.springframework.web.filter.OncePerRequestFilter.doFilter(OncePerRequestFilter.java:117) ~[spring-web-5.3.20.jar:5.3.20]
	at org.apache.catalina.core.ApplicationFilterChain.internalDoFilter(ApplicationFilterChain.java:189) ~[tomcat-embed-core-9.0.63.jar:9.0.63]
	at org.apache.catalina.core.ApplicationFilterChain.doFilter(ApplicationFilterChain.java:162) ~[tomcat-embed-core-9.0.63.jar:9.0.63]
	at org.springframework.web.filter.CharacterEncodingFilter.doFilterInternal(CharacterEncodingFilter.java:201) ~[spring-web-5.3.20.jar:5.3.20]
	at org.springframework.web.filter.OncePerRequestFilter.doFilter(OncePerRequestFilter.java:117) ~[spring-web-5.3.20.jar:5.3.20]
	at org.apache.catalina.core.ApplicationFilterChain.internalDoFilter(ApplicationFilterChain.java:189) ~[tomcat-embed-core-9.0.63.jar:9.0.63]
	at org.apache.catalina.core.ApplicationFilterChain.doFilter(ApplicationFilterChain.java:162) ~[tomcat-embed-core-9.0.63.jar:9.0.63]
	at org.apache.catalina.core.StandardWrapperValve.invoke(StandardWrapperValve.java:197) ~[tomcat-embed-core-9.0.63.jar:9.0.63]
	at org.apache.catalina.core.StandardContextValve.invoke(StandardContextValve.java:97) ~[tomcat-embed-core-9.0.63.jar:9.0.63]
	at org.apache.catalina.authenticator.AuthenticatorBase.invoke(AuthenticatorBase.java:541) ~[tomcat-embed-core-9.0.63.jar:9.0.63]
	at org.apache.catalina.core.StandardHostValve.invoke(StandardHostValve.java:135) ~[tomcat-embed-core-9.0.63.jar:9.0.63]
	at org.apache.catalina.valves.ErrorReportValve.invoke(ErrorReportValve.java:92) ~[tomcat-embed-core-9.0.63.jar:9.0.63]
	at org.apache.catalina.core.StandardEngineValve.invoke(StandardEngineValve.java:78) ~[tomcat-embed-core-9.0.63.jar:9.0.63]
	at org.apache.catalina.connector.CoyoteAdapter.service(CoyoteAdapter.java:360) ~[tomcat-embed-core-9.0.63.jar:9.0.63]
	at org.apache.coyote.http11.Http11Processor.service(Http11Processor.java:399) ~[tomcat-embed-core-9.0.63.jar:9.0.63]
	at org.apache.coyote.AbstractProcessorLight.process(AbstractProcessorLight.java:65) ~[tomcat-embed-core-9.0.63.jar:9.0.63]
	at org.apache.coyote.AbstractProtocol$ConnectionHandler.process(AbstractProtocol.java:890) ~[tomcat-embed-core-9.0.63.jar:9.0.63]
	at org.apache.tomcat.util.net.NioEndpoint$SocketProcessor.doRun(NioEndpoint.java:1743) ~[tomcat-embed-core-9.0.63.jar:9.0.63]
	at org.apache.tomcat.util.net.SocketProcessorBase.run(SocketProcessorBase.java:49) ~[tomcat-embed-core-9.0.63.jar:9.0.63]
	at org.apache.tomcat.util.threads.ThreadPoolExecutor.runWorker(ThreadPoolExecutor.java:1191) ~[tomcat-embed-core-9.0.63.jar:9.0.63]
	at org.apache.tomcat.util.threads.ThreadPoolExecutor$Worker.run(ThreadPoolExecutor.java:659) ~[tomcat-embed-core-9.0.63.jar:9.0.63]
	at org.apache.tomcat.util.threads.TaskThread$WrappingRunnable.run(TaskThread.java:61) ~[tomcat-embed-core-9.0.63.jar:9.0.63]
	at java.base/java.lang.Thread.run(Thread.java:829) ~[na:na]

2022-07-01 17:46:49.076  INFO 15316 --- [SpringApplicationShutdownHook] j.LocalContainerEntityManagerFactoryBean : Closing JPA EntityManagerFactory for persistence unit 'default'
2022-07-01 17:46:49.079  INFO 15316 --- [SpringApplicationShutdownHook] com.zaxxer.hikari.HikariDataSource       : HikariPool-1 - Shutdown initiated...
2022-07-01 17:46:49.103  INFO 15316 --- [SpringApplicationShutdownHook] com.zaxxer.hikari.HikariDataSource       : HikariPool-1 - Shutdown completed.
2022-07-01 17:46:55.470  INFO 22728 --- [main] c.e.c.ClinicOnlineBackendApplication     : Starting ClinicOnlineBackendApplication using Java 11.0.13 on DESKTOP-N20301U with PID 22728 (C:\Users\Ana\Desktop\MasterRad\aplikacija\myApp\backend\target\classes started by Ana in C:\Users\Ana\Desktop\MasterRad\aplikacija\myApp\backend)
2022-07-01 17:46:55.475  INFO 22728 --- [main] c.e.c.ClinicOnlineBackendApplication     : No active profile set, falling back to 1 default profile: "default"
2022-07-01 17:46:56.322  INFO 22728 --- [main] .s.d.r.c.RepositoryConfigurationDelegate : Bootstrapping Spring Data JPA repositories in DEFAULT mode.
2022-07-01 17:46:56.400  INFO 22728 --- [main] .s.d.r.c.RepositoryConfigurationDelegate : Finished Spring Data repository scanning in 66 ms. Found 6 JPA repository interfaces.
2022-07-01 17:46:56.989  INFO 22728 --- [main] o.s.b.w.embedded.tomcat.TomcatWebServer  : Tomcat initialized with port(s): 8080 (http)
2022-07-01 17:46:56.997  INFO 22728 --- [main] o.apache.catalina.core.StandardService   : Starting service [Tomcat]
2022-07-01 17:46:56.997  INFO 22728 --- [main] org.apache.catalina.core.StandardEngine  : Starting Servlet engine: [Apache Tomcat/9.0.63]
2022-07-01 17:46:57.128  INFO 22728 --- [main] o.a.c.c.C.[.[localhost].[/clinicapi]     : Initializing Spring embedded WebApplicationContext
2022-07-01 17:46:57.129  INFO 22728 --- [main] w.s.c.ServletWebServerApplicationContext : Root WebApplicationContext: initialization completed in 1587 ms
2022-07-01 17:46:57.340  INFO 22728 --- [main] com.zaxxer.hikari.HikariDataSource       : HikariPool-1 - Starting...
2022-07-01 17:46:57.595  INFO 22728 --- [main] com.zaxxer.hikari.HikariDataSource       : HikariPool-1 - Start completed.
2022-07-01 17:46:57.647  INFO 22728 --- [main] o.hibernate.jpa.internal.util.LogHelper  : HHH000204: Processing PersistenceUnitInfo [name: default]
2022-07-01 17:46:57.688  INFO 22728 --- [main] org.hibernate.Version                    : HHH000412: Hibernate ORM core version 5.6.9.Final
2022-07-01 17:46:57.845  INFO 22728 --- [main] o.hibernate.annotations.common.Version   : HCANN000001: Hibernate Commons Annotations {5.1.2.Final}
2022-07-01 17:46:57.953  INFO 22728 --- [main] org.hibernate.dialect.Dialect            : HHH000400: Using dialect: org.hibernate.dialect.MySQL8Dialect
2022-07-01 17:46:58.466  INFO 22728 --- [main] o.h.e.t.j.p.i.JtaPlatformInitiator       : HHH000490: Using JtaPlatform implementation: [org.hibernate.engine.transaction.jta.platform.internal.NoJtaPlatform]
2022-07-01 17:46:58.475  INFO 22728 --- [main] j.LocalContainerEntityManagerFactoryBean : Initialized JPA EntityManagerFactory for persistence unit 'default'
2022-07-01 17:46:59.042  WARN 22728 --- [main] JpaBaseConfiguration$JpaWebConfiguration : spring.jpa.open-in-view is enabled by default. Therefore, database queries may be performed during view rendering. Explicitly configure spring.jpa.open-in-view to disable this warning
2022-07-01 17:46:59.860  INFO 22728 --- [main] o.s.b.w.embedded.tomcat.TomcatWebServer  : Tomcat started on port(s): 8080 (http) with context path '/clinicapi'
2022-07-01 17:46:59.870  INFO 22728 --- [main] c.e.c.ClinicOnlineBackendApplication     : Started ClinicOnlineBackendApplication in 5.053 seconds (JVM running for 6.544)
2022-07-01 17:47:22.247  INFO 22728 --- [http-nio-8080-exec-1] o.a.c.c.C.[.[localhost].[/clinicapi]     : Initializing Spring DispatcherServlet 'dispatcherServlet'
2022-07-01 17:47:22.249  INFO 22728 --- [http-nio-8080-exec-1] o.s.web.servlet.DispatcherServlet        : Initializing Servlet 'dispatcherServlet'
2022-07-01 17:47:22.250  INFO 22728 --- [http-nio-8080-exec-1] o.s.web.servlet.DispatcherServlet        : Completed initialization in 1 ms
2022-07-01 18:10:43.959  INFO 22728 --- [http-nio-8080-exec-1] c.e.c.controllers.UserController         : broj doktora13
2022-07-01 18:10:43.977  INFO 22728 --- [http-nio-8080-exec-2] c.e.c.controllers.UserController         : broj doktora13
2022-07-01 18:10:43.992  INFO 22728 --- [http-nio-8080-exec-3] c.e.c.controllers.UserController         : broj doktora13
2022-07-01 18:13:29.912  INFO 22728 --- [http-nio-8080-exec-7] c.e.c.controllers.UserController         : maramara123
2022-07-01 18:13:30.112  INFO 22728 --- [http-nio-8080-exec-7] c.e.c.controllers.UserController         : Postoji username
2022-07-01 18:13:30.113  INFO 22728 --- [http-nio-8080-exec-7] c.e.c.controllers.UserController         : Postoji password
2022-07-01 18:13:30.171  INFO 22728 --- [http-nio-8080-exec-2] c.e.c.controllers.UserController         : mara
2022-07-01 18:46:59.809  INFO 22728 --- [http-nio-8080-exec-8] c.e.c.controllers.UserController         : maramara123
2022-07-01 18:46:59.816  INFO 22728 --- [http-nio-8080-exec-8] c.e.c.controllers.UserController         : Postoji username
2022-07-01 18:46:59.816  INFO 22728 --- [http-nio-8080-exec-8] c.e.c.controllers.UserController         : Postoji password
2022-07-01 18:46:59.948  INFO 22728 --- [http-nio-8080-exec-9] c.e.c.controllers.UserController         : mara
2022-07-01 18:48:14.569  INFO 22728 --- [http-nio-8080-exec-6] c.e.c.controllers.UserController         : mara
2022-07-01 18:50:44.726  INFO 22728 --- [http-nio-8080-exec-4] c.e.c.controllers.UserController         : mara
2022-07-01 18:54:27.914  INFO 22728 --- [http-nio-8080-exec-8] c.e.c.controllers.UserController         : broj doktora13
2022-07-01 18:54:27.926  INFO 22728 --- [http-nio-8080-exec-5] c.e.c.controllers.UserController         : broj doktora13
2022-07-01 18:54:27.972  INFO 22728 --- [http-nio-8080-exec-3] c.e.c.controllers.UserController         : broj doktora13
2022-07-01 18:54:35.516  INFO 22728 --- [http-nio-8080-exec-1] c.e.c.controllers.UserController         : maramara123
2022-07-01 18:54:35.522  INFO 22728 --- [http-nio-8080-exec-1] c.e.c.controllers.UserController         : Postoji username
2022-07-01 18:54:35.522  INFO 22728 --- [http-nio-8080-exec-1] c.e.c.controllers.UserController         : Postoji password
2022-07-01 18:54:35.659  INFO 22728 --- [http-nio-8080-exec-7] c.e.c.controllers.UserController         : mara
2022-07-01 18:55:19.102  INFO 22728 --- [http-nio-8080-exec-2] c.e.c.controllers.UserController         : mara
2022-07-01 18:55:38.373  INFO 22728 --- [http-nio-8080-exec-2] c.e.c.controllers.UserController         : mara
2022-07-01 18:55:45.225  INFO 22728 --- [http-nio-8080-exec-2] c.e.c.controllers.UserController         : mara
2022-07-01 18:56:46.940  INFO 22728 --- [http-nio-8080-exec-5] c.e.c.controllers.UserController         : mara
2022-07-01 18:56:51.268  INFO 22728 --- [http-nio-8080-exec-8] c.e.c.controllers.UserController         : mara
2022-07-01 18:56:57.423  INFO 22728 --- [http-nio-8080-exec-5] c.e.c.controllers.UserController         : mara
2022-07-01 18:57:03.618  INFO 22728 --- [http-nio-8080-exec-9] c.e.c.controllers.UserController         : mara
2022-07-01 18:57:09.527  INFO 22728 --- [http-nio-8080-exec-3] c.e.c.controllers.UserController         : mara
2022-07-01 18:57:14.343  INFO 22728 --- [http-nio-8080-exec-3] c.e.c.controllers.UserController         : mara
2022-07-01 18:57:32.657  INFO 22728 --- [http-nio-8080-exec-3] c.e.c.controllers.UserController         : mara
2022-07-01 18:58:18.333  INFO 22728 --- [http-nio-8080-exec-3] c.e.c.controllers.UserController         : mara
2022-07-01 18:58:26.238  INFO 22728 --- [http-nio-8080-exec-9] c.e.c.controllers.UserController         : mara
2022-07-01 18:58:58.619  INFO 22728 --- [http-nio-8080-exec-9] c.e.c.controllers.UserController         : mara
2022-07-01 19:02:43.904  INFO 22728 --- [http-nio-8080-exec-1] c.e.c.controllers.UserController         : mara
2022-07-01 19:02:50.358  INFO 22728 --- [http-nio-8080-exec-2] c.e.c.controllers.UserController         : mara
2022-07-01 19:08:36.197  INFO 22728 --- [http-nio-8080-exec-4] c.e.c.controllers.UserController         : mara
2022-07-01 19:42:14.969  INFO 22728 --- [SpringApplicationShutdownHook] j.LocalContainerEntityManagerFactoryBean : Closing JPA EntityManagerFactory for persistence unit 'default'
2022-07-01 19:42:14.979  INFO 22728 --- [SpringApplicationShutdownHook] com.zaxxer.hikari.HikariDataSource       : HikariPool-1 - Shutdown initiated...
2022-07-01 19:42:15.019  INFO 22728 --- [SpringApplicationShutdownHook] com.zaxxer.hikari.HikariDataSource       : HikariPool-1 - Shutdown completed.
2022-07-01 19:42:23.057  INFO 21488 --- [main] c.e.c.ClinicOnlineBackendApplication     : Starting ClinicOnlineBackendApplication using Java 11.0.13 on DESKTOP-N20301U with PID 21488 (C:\Users\Ana\Desktop\MasterRad\aplikacija\myApp\backend\target\classes started by Ana in C:\Users\Ana\Desktop\MasterRad\aplikacija\myApp\backend)
2022-07-01 19:42:23.063  INFO 21488 --- [main] c.e.c.ClinicOnlineBackendApplication     : No active profile set, falling back to 1 default profile: "default"
2022-07-01 19:42:24.397  INFO 21488 --- [main] .s.d.r.c.RepositoryConfigurationDelegate : Bootstrapping Spring Data JPA repositories in DEFAULT mode.
2022-07-01 19:42:24.505  INFO 21488 --- [main] .s.d.r.c.RepositoryConfigurationDelegate : Finished Spring Data repository scanning in 92 ms. Found 7 JPA repository interfaces.
2022-07-01 19:42:25.514  INFO 21488 --- [main] o.s.b.w.embedded.tomcat.TomcatWebServer  : Tomcat initialized with port(s): 8080 (http)
2022-07-01 19:42:25.527  INFO 21488 --- [main] o.apache.catalina.core.StandardService   : Starting service [Tomcat]
2022-07-01 19:42:25.528  INFO 21488 --- [main] org.apache.catalina.core.StandardEngine  : Starting Servlet engine: [Apache Tomcat/9.0.63]
2022-07-01 19:42:25.941  INFO 21488 --- [main] o.a.c.c.C.[.[localhost].[/clinicapi]     : Initializing Spring embedded WebApplicationContext
2022-07-01 19:42:25.942  INFO 21488 --- [main] w.s.c.ServletWebServerApplicationContext : Root WebApplicationContext: initialization completed in 2796 ms
2022-07-01 19:42:26.283  INFO 21488 --- [main] com.zaxxer.hikari.HikariDataSource       : HikariPool-1 - Starting...
2022-07-01 19:42:26.732  INFO 21488 --- [main] com.zaxxer.hikari.HikariDataSource       : HikariPool-1 - Start completed.
2022-07-01 19:42:26.799  INFO 21488 --- [main] o.hibernate.jpa.internal.util.LogHelper  : HHH000204: Processing PersistenceUnitInfo [name: default]
2022-07-01 19:42:26.872  INFO 21488 --- [main] org.hibernate.Version                    : HHH000412: Hibernate ORM core version 5.6.9.Final
2022-07-01 19:42:27.097  INFO 21488 --- [main] o.hibernate.annotations.common.Version   : HCANN000001: Hibernate Commons Annotations {5.1.2.Final}
2022-07-01 19:42:27.221  INFO 21488 --- [main] org.hibernate.dialect.Dialect            : HHH000400: Using dialect: org.hibernate.dialect.MySQL8Dialect
2022-07-01 19:42:27.821  INFO 21488 --- [main] o.h.e.t.j.p.i.JtaPlatformInitiator       : HHH000490: Using JtaPlatform implementation: [org.hibernate.engine.transaction.jta.platform.internal.NoJtaPlatform]
2022-07-01 19:42:27.832  INFO 21488 --- [main] j.LocalContainerEntityManagerFactoryBean : Initialized JPA EntityManagerFactory for persistence unit 'default'
2022-07-01 19:42:28.900  WARN 21488 --- [main] JpaBaseConfiguration$JpaWebConfiguration : spring.jpa.open-in-view is enabled by default. Therefore, database queries may be performed during view rendering. Explicitly configure spring.jpa.open-in-view to disable this warning
2022-07-01 19:42:31.806  INFO 21488 --- [main] o.s.b.w.embedded.tomcat.TomcatWebServer  : Tomcat started on port(s): 8080 (http) with context path '/clinicapi'
2022-07-01 19:42:31.823  INFO 21488 --- [main] c.e.c.ClinicOnlineBackendApplication     : Started ClinicOnlineBackendApplication in 9.559 seconds (JVM running for 11.362)
2022-07-01 19:43:02.318  INFO 21488 --- [http-nio-8080-exec-1] o.a.c.c.C.[.[localhost].[/clinicapi]     : Initializing Spring DispatcherServlet 'dispatcherServlet'
2022-07-01 19:43:02.319  INFO 21488 --- [http-nio-8080-exec-1] o.s.web.servlet.DispatcherServlet        : Initializing Servlet 'dispatcherServlet'
2022-07-01 19:43:02.321  INFO 21488 --- [http-nio-8080-exec-1] o.s.web.servlet.DispatcherServlet        : Completed initialization in 1 ms
2022-07-01 19:44:32.128  INFO 21488 --- [SpringApplicationShutdownHook] j.LocalContainerEntityManagerFactoryBean : Closing JPA EntityManagerFactory for persistence unit 'default'
2022-07-01 19:44:32.131  INFO 21488 --- [SpringApplicationShutdownHook] com.zaxxer.hikari.HikariDataSource       : HikariPool-1 - Shutdown initiated...
2022-07-01 19:44:32.168  INFO 21488 --- [SpringApplicationShutdownHook] com.zaxxer.hikari.HikariDataSource       : HikariPool-1 - Shutdown completed.
2022-07-01 19:44:38.925  INFO 17280 --- [main] c.e.c.ClinicOnlineBackendApplication     : Starting ClinicOnlineBackendApplication using Java 11.0.13 on DESKTOP-N20301U with PID 17280 (C:\Users\Ana\Desktop\MasterRad\aplikacija\myApp\backend\target\classes started by Ana in C:\Users\Ana\Desktop\MasterRad\aplikacija\myApp\backend)
2022-07-01 19:44:38.929  INFO 17280 --- [main] c.e.c.ClinicOnlineBackendApplication     : No active profile set, falling back to 1 default profile: "default"
2022-07-01 19:44:39.767  INFO 17280 --- [main] .s.d.r.c.RepositoryConfigurationDelegate : Bootstrapping Spring Data JPA repositories in DEFAULT mode.
2022-07-01 19:44:39.842  INFO 17280 --- [main] .s.d.r.c.RepositoryConfigurationDelegate : Finished Spring Data repository scanning in 65 ms. Found 7 JPA repository interfaces.
2022-07-01 19:44:40.592  INFO 17280 --- [main] o.s.b.w.embedded.tomcat.TomcatWebServer  : Tomcat initialized with port(s): 8080 (http)
2022-07-01 19:44:40.603  INFO 17280 --- [main] o.apache.catalina.core.StandardService   : Starting service [Tomcat]
2022-07-01 19:44:40.604  INFO 17280 --- [main] org.apache.catalina.core.StandardEngine  : Starting Servlet engine: [Apache Tomcat/9.0.63]
2022-07-01 19:44:40.765  INFO 17280 --- [main] o.a.c.c.C.[.[localhost].[/clinicapi]     : Initializing Spring embedded WebApplicationContext
2022-07-01 19:44:40.766  INFO 17280 --- [main] w.s.c.ServletWebServerApplicationContext : Root WebApplicationContext: initialization completed in 1776 ms
2022-07-01 19:44:41.060  INFO 17280 --- [main] com.zaxxer.hikari.HikariDataSource       : HikariPool-1 - Starting...
2022-07-01 19:44:41.381  INFO 17280 --- [main] com.zaxxer.hikari.HikariDataSource       : HikariPool-1 - Start completed.
2022-07-01 19:44:41.444  INFO 17280 --- [main] o.hibernate.jpa.internal.util.LogHelper  : HHH000204: Processing PersistenceUnitInfo [name: default]
2022-07-01 19:44:41.496  INFO 17280 --- [main] org.hibernate.Version                    : HHH000412: Hibernate ORM core version 5.6.9.Final
2022-07-01 19:44:41.664  INFO 17280 --- [main] o.hibernate.annotations.common.Version   : HCANN000001: Hibernate Commons Annotations {5.1.2.Final}
2022-07-01 19:44:41.784  INFO 17280 --- [main] org.hibernate.dialect.Dialect            : HHH000400: Using dialect: org.hibernate.dialect.MySQL8Dialect
2022-07-01 19:44:42.413  INFO 17280 --- [main] o.h.e.t.j.p.i.JtaPlatformInitiator       : HHH000490: Using JtaPlatform implementation: [org.hibernate.engine.transaction.jta.platform.internal.NoJtaPlatform]
2022-07-01 19:44:42.423  INFO 17280 --- [main] j.LocalContainerEntityManagerFactoryBean : Initialized JPA EntityManagerFactory for persistence unit 'default'
2022-07-01 19:44:43.106  WARN 17280 --- [main] JpaBaseConfiguration$JpaWebConfiguration : spring.jpa.open-in-view is enabled by default. Therefore, database queries may be performed during view rendering. Explicitly configure spring.jpa.open-in-view to disable this warning
2022-07-01 19:44:44.044  INFO 17280 --- [main] o.s.b.w.embedded.tomcat.TomcatWebServer  : Tomcat started on port(s): 8080 (http) with context path '/clinicapi'
2022-07-01 19:44:44.055  INFO 17280 --- [main] c.e.c.ClinicOnlineBackendApplication     : Started ClinicOnlineBackendApplication in 5.79 seconds (JVM running for 7.129)
2022-07-01 19:45:07.505  INFO 17280 --- [http-nio-8080-exec-1] o.a.c.c.C.[.[localhost].[/clinicapi]     : Initializing Spring DispatcherServlet 'dispatcherServlet'
2022-07-01 19:45:07.506  INFO 17280 --- [http-nio-8080-exec-1] o.s.web.servlet.DispatcherServlet        : Initializing Servlet 'dispatcherServlet'
2022-07-01 19:45:07.509  INFO 17280 --- [http-nio-8080-exec-1] o.s.web.servlet.DispatcherServlet        : Completed initialization in 3 ms
2022-07-01 19:45:07.607  INFO 17280 --- [http-nio-8080-exec-1] c.e.c.controllers.UserController         : 13
2022-07-01 19:46:48.775  INFO 17280 --- [SpringApplicationShutdownHook] j.LocalContainerEntityManagerFactoryBean : Closing JPA EntityManagerFactory for persistence unit 'default'
2022-07-01 19:46:48.777  INFO 17280 --- [SpringApplicationShutdownHook] com.zaxxer.hikari.HikariDataSource       : HikariPool-1 - Shutdown initiated...
2022-07-01 19:46:48.794  INFO 17280 --- [SpringApplicationShutdownHook] com.zaxxer.hikari.HikariDataSource       : HikariPool-1 - Shutdown completed.
2022-07-01 19:46:56.556  INFO 20404 --- [main] c.e.c.ClinicOnlineBackendApplication     : Starting ClinicOnlineBackendApplication using Java 11.0.13 on DESKTOP-N20301U with PID 20404 (C:\Users\Ana\Desktop\MasterRad\aplikacija\myApp\backend\target\classes started by Ana in C:\Users\Ana\Desktop\MasterRad\aplikacija\myApp\backend)
2022-07-01 19:46:56.559  INFO 20404 --- [main] c.e.c.ClinicOnlineBackendApplication     : No active profile set, falling back to 1 default profile: "default"
2022-07-01 19:46:57.384  INFO 20404 --- [main] .s.d.r.c.RepositoryConfigurationDelegate : Bootstrapping Spring Data JPA repositories in DEFAULT mode.
2022-07-01 19:46:57.461  INFO 20404 --- [main] .s.d.r.c.RepositoryConfigurationDelegate : Finished Spring Data repository scanning in 65 ms. Found 7 JPA repository interfaces.
2022-07-01 19:46:58.033  INFO 20404 --- [main] o.s.b.w.embedded.tomcat.TomcatWebServer  : Tomcat initialized with port(s): 8080 (http)
2022-07-01 19:46:58.042  INFO 20404 --- [main] o.apache.catalina.core.StandardService   : Starting service [Tomcat]
2022-07-01 19:46:58.042  INFO 20404 --- [main] org.apache.catalina.core.StandardEngine  : Starting Servlet engine: [Apache Tomcat/9.0.63]
2022-07-01 19:46:58.164  INFO 20404 --- [main] o.a.c.c.C.[.[localhost].[/clinicapi]     : Initializing Spring embedded WebApplicationContext
2022-07-01 19:46:58.164  INFO 20404 --- [main] w.s.c.ServletWebServerApplicationContext : Root WebApplicationContext: initialization completed in 1541 ms
2022-07-01 19:46:58.394  INFO 20404 --- [main] com.zaxxer.hikari.HikariDataSource       : HikariPool-1 - Starting...
2022-07-01 19:46:58.769  INFO 20404 --- [main] com.zaxxer.hikari.HikariDataSource       : HikariPool-1 - Start completed.
2022-07-01 19:46:58.824  INFO 20404 --- [main] o.hibernate.jpa.internal.util.LogHelper  : HHH000204: Processing PersistenceUnitInfo [name: default]
2022-07-01 19:46:58.867  INFO 20404 --- [main] org.hibernate.Version                    : HHH000412: Hibernate ORM core version 5.6.9.Final
2022-07-01 19:46:59.027  INFO 20404 --- [main] o.hibernate.annotations.common.Version   : HCANN000001: Hibernate Commons Annotations {5.1.2.Final}
2022-07-01 19:46:59.151  INFO 20404 --- [main] org.hibernate.dialect.Dialect            : HHH000400: Using dialect: org.hibernate.dialect.MySQL8Dialect
2022-07-01 19:46:59.697  INFO 20404 --- [main] o.h.e.t.j.p.i.JtaPlatformInitiator       : HHH000490: Using JtaPlatform implementation: [org.hibernate.engine.transaction.jta.platform.internal.NoJtaPlatform]
2022-07-01 19:46:59.709  INFO 20404 --- [main] j.LocalContainerEntityManagerFactoryBean : Initialized JPA EntityManagerFactory for persistence unit 'default'
2022-07-01 19:47:00.325  WARN 20404 --- [main] JpaBaseConfiguration$JpaWebConfiguration : spring.jpa.open-in-view is enabled by default. Therefore, database queries may be performed during view rendering. Explicitly configure spring.jpa.open-in-view to disable this warning
2022-07-01 19:47:01.261  INFO 20404 --- [main] o.s.b.w.embedded.tomcat.TomcatWebServer  : Tomcat started on port(s): 8080 (http) with context path '/clinicapi'
2022-07-01 19:47:01.274  INFO 20404 --- [main] c.e.c.ClinicOnlineBackendApplication     : Started ClinicOnlineBackendApplication in 5.366 seconds (JVM running for 6.882)
2022-07-01 19:47:12.809  INFO 20404 --- [http-nio-8080-exec-1] o.a.c.c.C.[.[localhost].[/clinicapi]     : Initializing Spring DispatcherServlet 'dispatcherServlet'
2022-07-01 19:47:12.812  INFO 20404 --- [http-nio-8080-exec-1] o.s.web.servlet.DispatcherServlet        : Initializing Servlet 'dispatcherServlet'
2022-07-01 19:47:12.814  INFO 20404 --- [http-nio-8080-exec-1] o.s.web.servlet.DispatcherServlet        : Completed initialization in 2 ms
2022-07-01 19:47:12.909  INFO 20404 --- [http-nio-8080-exec-1] c.e.c.controllers.UserController         : 13
2022-07-01 19:51:37.939  INFO 20404 --- [http-nio-8080-exec-3] c.e.c.controllers.UserController         : 13
2022-07-01 19:54:00.197  INFO 20404 --- [http-nio-8080-exec-5] c.e.c.controllers.UserController         : 13
2022-07-01 19:54:23.301  INFO 20404 --- [http-nio-8080-exec-6] c.e.c.controllers.UserController         : 13
